[2025-11-14 05:28:25] local.ERROR: Cannot use temporary expression in write context [{"file":"C:\\xampp\\htdocs\\simti\\vendor\\psy\\psysh\\src\\ExecutionLoopClosure.php(53) : eval()'d code","line":1,"code":0}] 
[2025-11-14 05:28:25] local.ERROR: Cannot use temporary expression in write context {"exception":"[object] (Symfony\\Component\\ErrorHandler\\Error\\FatalError(code: 0): Cannot use temporary expression in write context at C:\\xampp\\htdocs\\simti\\vendor\\psy\\psysh\\src\\ExecutionLoopClosure.php(53) : eval()'d code:1)
[stacktrace]
#0 {main}
"} 
[2025-11-14 05:28:36] local.ERROR: Cannot use temporary expression in write context [{"file":"C:\\xampp\\htdocs\\simti\\vendor\\psy\\psysh\\src\\ExecutionLoopClosure.php(53) : eval()'d code","line":1,"code":0}] 
[2025-11-14 05:28:36] local.ERROR: Cannot use temporary expression in write context {"exception":"[object] (Symfony\\Component\\ErrorHandler\\Error\\FatalError(code: 0): Cannot use temporary expression in write context at C:\\xampp\\htdocs\\simti\\vendor\\psy\\psysh\\src\\ExecutionLoopClosure.php(53) : eval()'d code:1)
[stacktrace]
#0 {main}
"} 
[2025-11-19 04:45:44] local.ERROR: Method App\Http\Controllers\HomeController::index does not exist. [{"file":"C:\\xampp\\htdocs\\simti\\vendor\\laravel\\framework\\src\\Illuminate\\Routing\\Controller.php","line":68,"code":0},{"file":"C:\\xampp\\htdocs\\simti\\vendor\\laravel\\framework\\src\\Illuminate\\Routing\\Controller.php","line":54,"function":"__call","class":"Illuminate\\Routing\\Controller","type":"->"},{"file":"C:\\xampp\\htdocs\\simti\\vendor\\laravel\\framework\\src\\Illuminate\\Routing\\ControllerDispatcher.php","line":43,"function":"callAction","class":"Illuminate\\Routing\\Controller","type":"->"},{"file":"C:\\xampp\\htdocs\\simti\\vendor\\laravel\\framework\\src\\Illuminate\\Routing\\Route.php","line":259,"function":"dispatch","class":"Illuminate\\Routing\\ControllerDispatcher","type":"->"},{"file":"C:\\xampp\\htdocs\\simti\\vendor\\laravel\\framework\\src\\Illuminate\\Routing\\Route.php","line":205,"function":"runController","class":"Illuminate\\Routing\\Route","type":"->"},{"file":"C:\\xampp\\htdocs\\simti\\vendor\\laravel\\framework\\src\\Illuminate\\Routing\\Router.php","line":806,"function":"run","class":"Illuminate\\Routing\\Route","type":"->"}] 
[2025-11-19 04:45:44] local.ERROR: Method App\Http\Controllers\HomeController::index does not exist. {"userId":1,"exception":"[object] (BadMethodCallException(code: 0): Method App\\Http\\Controllers\\HomeController::index does not exist. at C:\\xampp\\htdocs\\simti\\vendor\\laravel\\framework\\src\\Illuminate\\Routing\\Controller.php:68)
[stacktrace]
#0 C:\\xampp\\htdocs\\simti\\vendor\\laravel\\framework\\src\\Illuminate\\Routing\\Controller.php(54): Illuminate\\Routing\\Controller->__call()
#1 C:\\xampp\\htdocs\\simti\\vendor\\laravel\\framework\\src\\Illuminate\\Routing\\ControllerDispatcher.php(43): Illuminate\\Routing\\Controller->callAction()
#2 C:\\xampp\\htdocs\\simti\\vendor\\laravel\\framework\\src\\Illuminate\\Routing\\Route.php(259): Illuminate\\Routing\\ControllerDispatcher->dispatch()
#3 C:\\xampp\\htdocs\\simti\\vendor\\laravel\\framework\\src\\Illuminate\\Routing\\Route.php(205): Illuminate\\Routing\\Route->runController()
#4 C:\\xampp\\htdocs\\simti\\vendor\\laravel\\framework\\src\\Illuminate\\Routing\\Router.php(806): Illuminate\\Routing\\Route->run()
#5 C:\\xampp\\htdocs\\simti\\vendor\\laravel\\framework\\src\\Illuminate\\Pipeline\\Pipeline.php(144): Illuminate\\Routing\\Router->{closure:Illuminate\\Routing\\Router::runRouteWithinStack():805}()
#6 C:\\xampp\\htdocs\\simti\\vendor\\barryvdh\\laravel-debugbar\\src\\Middleware\\InjectDebugbar.php(66): Illuminate\\Pipeline\\Pipeline->{closure:Illuminate\\Pipeline\\Pipeline::prepareDestination():142}()
#7 C:\\xampp\\htdocs\\simti\\vendor\\laravel\\framework\\src\\Illuminate\\Pipeline\\Pipeline.php(183): Barryvdh\\Debugbar\\Middleware\\InjectDebugbar->handle()
#8 C:\\xampp\\htdocs\\simti\\vendor\\laravel\\framework\\src\\Illuminate\\Routing\\Middleware\\SubstituteBindings.php(50): Illuminate\\Pipeline\\Pipeline->{closure:{closure:Illuminate\\Pipeline\\Pipeline::carry():158}:159}()
#9 C:\\xampp\\htdocs\\simti\\vendor\\laravel\\framework\\src\\Illuminate\\Pipeline\\Pipeline.php(183): Illuminate\\Routing\\Middleware\\SubstituteBindings->handle()
#10 C:\\xampp\\htdocs\\simti\\vendor\\laravel\\framework\\src\\Illuminate\\Auth\\Middleware\\Authenticate.php(57): Illuminate\\Pipeline\\Pipeline->{closure:{closure:Illuminate\\Pipeline\\Pipeline::carry():158}:159}()
#11 C:\\xampp\\htdocs\\simti\\vendor\\laravel\\framework\\src\\Illuminate\\Pipeline\\Pipeline.php(183): Illuminate\\Auth\\Middleware\\Authenticate->handle()
#12 C:\\xampp\\htdocs\\simti\\vendor\\laravel\\framework\\src\\Illuminate\\Foundation\\Http\\Middleware\\VerifyCsrfToken.php(78): Illuminate\\Pipeline\\Pipeline->{closure:{closure:Illuminate\\Pipeline\\Pipeline::carry():158}:159}()
#13 C:\\xampp\\htdocs\\simti\\vendor\\laravel\\framework\\src\\Illuminate\\Pipeline\\Pipeline.php(183): Illuminate\\Foundation\\Http\\Middleware\\VerifyCsrfToken->handle()
#14 C:\\xampp\\htdocs\\simti\\vendor\\laravel\\framework\\src\\Illuminate\\View\\Middleware\\ShareErrorsFromSession.php(49): Illuminate\\Pipeline\\Pipeline->{closure:{closure:Illuminate\\Pipeline\\Pipeline::carry():158}:159}()
#15 C:\\xampp\\htdocs\\simti\\vendor\\laravel\\framework\\src\\Illuminate\\Pipeline\\Pipeline.php(183): Illuminate\\View\\Middleware\\ShareErrorsFromSession->handle()
#16 C:\\xampp\\htdocs\\simti\\vendor\\laravel\\framework\\src\\Illuminate\\Session\\Middleware\\StartSession.php(121): Illuminate\\Pipeline\\Pipeline->{closure:{closure:Illuminate\\Pipeline\\Pipeline::carry():158}:159}()
#17 C:\\xampp\\htdocs\\simti\\vendor\\laravel\\framework\\src\\Illuminate\\Session\\Middleware\\StartSession.php(64): Illuminate\\Session\\Middleware\\StartSession->handleStatefulRequest()
#18 C:\\xampp\\htdocs\\simti\\vendor\\laravel\\framework\\src\\Illuminate\\Pipeline\\Pipeline.php(183): Illuminate\\Session\\Middleware\\StartSession->handle()
#19 C:\\xampp\\htdocs\\simti\\vendor\\laravel\\framework\\src\\Illuminate\\Cookie\\Middleware\\AddQueuedCookiesToResponse.php(37): Illuminate\\Pipeline\\Pipeline->{closure:{closure:Illuminate\\Pipeline\\Pipeline::carry():158}:159}()
#20 C:\\xampp\\htdocs\\simti\\vendor\\laravel\\framework\\src\\Illuminate\\Pipeline\\Pipeline.php(183): Illuminate\\Cookie\\Middleware\\AddQueuedCookiesToResponse->handle()
#21 C:\\xampp\\htdocs\\simti\\vendor\\laravel\\framework\\src\\Illuminate\\Cookie\\Middleware\\EncryptCookies.php(67): Illuminate\\Pipeline\\Pipeline->{closure:{closure:Illuminate\\Pipeline\\Pipeline::carry():158}:159}()
#22 C:\\xampp\\htdocs\\simti\\vendor\\laravel\\framework\\src\\Illuminate\\Pipeline\\Pipeline.php(183): Illuminate\\Cookie\\Middleware\\EncryptCookies->handle()
#23 C:\\xampp\\htdocs\\simti\\vendor\\laravel\\framework\\src\\Illuminate\\Pipeline\\Pipeline.php(119): Illuminate\\Pipeline\\Pipeline->{closure:{closure:Illuminate\\Pipeline\\Pipeline::carry():158}:159}()
#24 C:\\xampp\\htdocs\\simti\\vendor\\laravel\\framework\\src\\Illuminate\\Routing\\Router.php(805): Illuminate\\Pipeline\\Pipeline->then()
#25 C:\\xampp\\htdocs\\simti\\vendor\\laravel\\framework\\src\\Illuminate\\Routing\\Router.php(784): Illuminate\\Routing\\Router->runRouteWithinStack()
#26 C:\\xampp\\htdocs\\simti\\vendor\\laravel\\framework\\src\\Illuminate\\Routing\\Router.php(748): Illuminate\\Routing\\Router->runRoute()
#27 C:\\xampp\\htdocs\\simti\\vendor\\laravel\\framework\\src\\Illuminate\\Routing\\Router.php(737): Illuminate\\Routing\\Router->dispatchToRoute()
#28 C:\\xampp\\htdocs\\simti\\vendor\\laravel\\framework\\src\\Illuminate\\Foundation\\Http\\Kernel.php(200): Illuminate\\Routing\\Router->dispatch()
#29 C:\\xampp\\htdocs\\simti\\vendor\\laravel\\framework\\src\\Illuminate\\Pipeline\\Pipeline.php(144): Illuminate\\Foundation\\Http\\Kernel->{closure:Illuminate\\Foundation\\Http\\Kernel::dispatchToRouter():197}()
#30 C:\\xampp\\htdocs\\simti\\vendor\\barryvdh\\laravel-debugbar\\src\\Middleware\\InjectDebugbar.php(66): Illuminate\\Pipeline\\Pipeline->{closure:Illuminate\\Pipeline\\Pipeline::prepareDestination():142}()
#31 C:\\xampp\\htdocs\\simti\\vendor\\laravel\\framework\\src\\Illuminate\\Pipeline\\Pipeline.php(183): Barryvdh\\Debugbar\\Middleware\\InjectDebugbar->handle()
#32 C:\\xampp\\htdocs\\simti\\vendor\\laravel\\framework\\src\\Illuminate\\Foundation\\Http\\Middleware\\TransformsRequest.php(21): Illuminate\\Pipeline\\Pipeline->{closure:{closure:Illuminate\\Pipeline\\Pipeline::carry():158}:159}()
#33 C:\\xampp\\htdocs\\simti\\vendor\\laravel\\framework\\src\\Illuminate\\Foundation\\Http\\Middleware\\ConvertEmptyStringsToNull.php(31): Illuminate\\Foundation\\Http\\Middleware\\TransformsRequest->handle()
#34 C:\\xampp\\htdocs\\simti\\vendor\\laravel\\framework\\src\\Illuminate\\Pipeline\\Pipeline.php(183): Illuminate\\Foundation\\Http\\Middleware\\ConvertEmptyStringsToNull->handle()
#35 C:\\xampp\\htdocs\\simti\\vendor\\laravel\\framework\\src\\Illuminate\\Foundation\\Http\\Middleware\\TransformsRequest.php(21): Illuminate\\Pipeline\\Pipeline->{closure:{closure:Illuminate\\Pipeline\\Pipeline::carry():158}:159}()
#36 C:\\xampp\\htdocs\\simti\\vendor\\laravel\\framework\\src\\Illuminate\\Foundation\\Http\\Middleware\\TrimStrings.php(40): Illuminate\\Foundation\\Http\\Middleware\\TransformsRequest->handle()
#37 C:\\xampp\\htdocs\\simti\\vendor\\laravel\\framework\\src\\Illuminate\\Pipeline\\Pipeline.php(183): Illuminate\\Foundation\\Http\\Middleware\\TrimStrings->handle()
#38 C:\\xampp\\htdocs\\simti\\vendor\\laravel\\framework\\src\\Illuminate\\Foundation\\Http\\Middleware\\ValidatePostSize.php(27): Illuminate\\Pipeline\\Pipeline->{closure:{closure:Illuminate\\Pipeline\\Pipeline::carry():158}:159}()
#39 C:\\xampp\\htdocs\\simti\\vendor\\laravel\\framework\\src\\Illuminate\\Pipeline\\Pipeline.php(183): Illuminate\\Foundation\\Http\\Middleware\\ValidatePostSize->handle()
#40 C:\\xampp\\htdocs\\simti\\vendor\\laravel\\framework\\src\\Illuminate\\Foundation\\Http\\Middleware\\PreventRequestsDuringMaintenance.php(99): Illuminate\\Pipeline\\Pipeline->{closure:{closure:Illuminate\\Pipeline\\Pipeline::carry():158}:159}()
#41 C:\\xampp\\htdocs\\simti\\vendor\\laravel\\framework\\src\\Illuminate\\Pipeline\\Pipeline.php(183): Illuminate\\Foundation\\Http\\Middleware\\PreventRequestsDuringMaintenance->handle()
#42 C:\\xampp\\htdocs\\simti\\vendor\\laravel\\framework\\src\\Illuminate\\Http\\Middleware\\HandleCors.php(62): Illuminate\\Pipeline\\Pipeline->{closure:{closure:Illuminate\\Pipeline\\Pipeline::carry():158}:159}()
#43 C:\\xampp\\htdocs\\simti\\vendor\\laravel\\framework\\src\\Illuminate\\Pipeline\\Pipeline.php(183): Illuminate\\Http\\Middleware\\HandleCors->handle()
#44 C:\\xampp\\htdocs\\simti\\vendor\\laravel\\framework\\src\\Illuminate\\Http\\Middleware\\TrustProxies.php(39): Illuminate\\Pipeline\\Pipeline->{closure:{closure:Illuminate\\Pipeline\\Pipeline::carry():158}:159}()
#45 C:\\xampp\\htdocs\\simti\\vendor\\laravel\\framework\\src\\Illuminate\\Pipeline\\Pipeline.php(183): Illuminate\\Http\\Middleware\\TrustProxies->handle()
#46 C:\\xampp\\htdocs\\simti\\vendor\\laravel\\framework\\src\\Illuminate\\Pipeline\\Pipeline.php(119): Illuminate\\Pipeline\\Pipeline->{closure:{closure:Illuminate\\Pipeline\\Pipeline::carry():158}:159}()
#47 C:\\xampp\\htdocs\\simti\\vendor\\laravel\\framework\\src\\Illuminate\\Foundation\\Http\\Kernel.php(175): Illuminate\\Pipeline\\Pipeline->then()
#48 C:\\xampp\\htdocs\\simti\\vendor\\laravel\\framework\\src\\Illuminate\\Foundation\\Http\\Kernel.php(144): Illuminate\\Foundation\\Http\\Kernel->sendRequestThroughRouter()
#49 C:\\xampp\\htdocs\\simti\\public\\index.php(51): Illuminate\\Foundation\\Http\\Kernel->handle()
#50 C:\\xampp\\htdocs\\simti\\server.php(19): require_once('...')
#51 {main}
"} 
[2025-11-19 06:05:31] local.ERROR: Maximum execution time of 30 seconds exceeded [{"file":"C:\\xampp\\htdocs\\simti\\vendor\\laravel\\framework\\src\\Illuminate\\Contracts\\Cookie\\QueueingFactory.php","line":5,"code":0}] 
[2025-11-19 06:05:33] local.ERROR: Maximum execution time of 30 seconds exceeded {"exception":"[object] (Symfony\\Component\\ErrorHandler\\Error\\FatalError(code: 0): Maximum execution time of 30 seconds exceeded at C:\\xampp\\htdocs\\simti\\vendor\\laravel\\framework\\src\\Illuminate\\Contracts\\Cookie\\QueueingFactory.php:5)
[stacktrace]
#0 {main}
"} 
